{"id":"njMATbK41rsWjqQiGbH4x","type":"registration","payload":{"username":"Shanon83","uid":"pFTgr1FkhN_2hQowkvKC5","chatroom":"general"},"timestamp":1618535082}
{"id":"uoqtuqb2hExV6wU1JNBaI","type":"registration","payload":{"username":"Oma_Abbott","uid":"3KDnm67Liau5Dply5zw7q","chatroom":"general"},"timestamp":1618535277}
{"id":"71ryoRapNE-UyLhcORnls","type":"registration","payload":{"username":"Myrna.OReilly","uid":"lo67sj4z7gCo371DlPntR","chatroom":"general"},"timestamp":1618539096}
{"type":"message","timestamp":1618539098,"payload":"Adding","username":"Myrna.OReilly","chatroom":"general","uid":"lo67sj4z7gCo371DlPntR","id":"IncMrXFQB_KGShEICc8jm"}
{"type":"message","timestamp":1618539098,"payload":"Stuff","username":"Myrna.OReilly","chatroom":"general","uid":"lo67sj4z7gCo371DlPntR","id":"kvsgp-kYDI9WDOo61Qmxr"}
{"type":"message","timestamp":1618539100,"payload":"To the","username":"Myrna.OReilly","chatroom":"general","uid":"lo67sj4z7gCo371DlPntR","id":"qc9-msJ5BzL65wk1-4n13"}
{"type":"message","timestamp":1618539101,"payload":"Log","username":"Myrna.OReilly","chatroom":"general","uid":"lo67sj4z7gCo371DlPntR","id":"wkm-STtIOgG5-Zo2OKva4"}
{"type":"message","timestamp":1618539102,"payload":"buddy","username":"Myrna.OReilly","chatroom":"general","uid":"lo67sj4z7gCo371DlPntR","id":"rgzl2S4wECZsHmayCPm7J"}
{"id":"4K96XnEOo-BupDwYoweqC","type":"message","uid":"lo67sj4z7gCo371DlPntR","timestamp":1618539108,"payload":"Myrna.OReilly left general and joined duder!","username":"chat-server"}
{"id":"AxKZgtuVoxc7k2ZXFE-AC","type":"message","uid":"lo67sj4z7gCo371DlPntR","timestamp":1618539112,"payload":"Myrna.OReilly left duder and joined myer!","username":"chat-server"}
{"id":"G6z-9gS9dACrnVmCdPslq","type":"registration","payload":{"username":"Reta64","uid":"RMNYppC1JAab11jYbDd30","chatroom":"general"},"timestamp":1618539194}
{"id":"uV9jSRCZQuFgkZII20aXo","type":"message","uid":"RMNYppC1JAab11jYbDd30","timestamp":1618539198,"payload":"User Reta64 is now yeah!","username":"chat-server"}
{"id":"GiQKime-mniEYyatuJEQe","type":"message","uid":"RMNYppC1JAab11jYbDd30","timestamp":1618539200,"payload":"User yeah is now buddy!","username":"chat-server"}
{"type":"message","timestamp":1618539203,"payload":"hey","username":"buddy","chatroom":"general","uid":"RMNYppC1JAab11jYbDd30","id":"Qt3XK7ikzrUKHduPTP8Fv"}
{"id":"9etEQXrMzWq04nMnfh8HV","type":"message","uid":"RMNYppC1JAab11jYbDd30","timestamp":1618539207,"payload":"buddy left general and joined hey!","username":"chat-server"}
{"id":"PxaD5dPa0FC4fMj-VbYks","type":"message","uid":"RMNYppC1JAab11jYbDd30","timestamp":1618539213,"payload":"User buddy is now my!","username":"chat-server"}
{"type":"message","timestamp":1618539214,"payload":"you!","username":"my","chatroom":"hey","uid":"RMNYppC1JAab11jYbDd30","id":"nzVEvVsAQfhNgw45y-U3U"}
{"id":"bqx13_SReSXmVms273Zxg","type":"message","uid":"RMNYppC1JAab11jYbDd30","timestamp":1618539222,"payload":"my left hey and joined other!","username":"chat-server"}
{"type":"message","timestamp":1618539226,"payload":"hello","username":"my","chatroom":"other","uid":"RMNYppC1JAab11jYbDd30","id":"pkdWTWqPF4mRULV-3hq4A"}
{"id":"4gjifnSMizUxstQsnUqUs","type":"message","uid":"RMNYppC1JAab11jYbDd30","timestamp":1618539232,"payload":"my left other and joined myguy!","username":"chat-server"}
{"id":"JHgibA_yDgYGajG2z3_bK","type":"message","uid":"RMNYppC1JAab11jYbDd30","timestamp":1618539244,"payload":"my left myguy and joined general!","username":"chat-server"}
{"id":"Lr6GTgp3uhLHpVqx7fGSY","type":"message","uid":"RMNYppC1JAab11jYbDd30","timestamp":1618539249,"payload":"my left general and joined somethingelse!","username":"chat-server"}
{"id":"k-E1HY2PQ8fpRJiqla2va","type":"message","uid":"RMNYppC1JAab11jYbDd30","timestamp":1618539259,"payload":"my left somethingelse and joined somethingelse!","username":"chat-server"}
{"id":"WpEt-kybSURjbOwUgAj7M","type":"registration","payload":{"username":"Antonia_Hickle14","uid":"d6V7paU0bU3WSmJdbh1wl","chatroom":"general"},"timestamp":1618545531}
{"id":"MmghF2xGq9qxGSJ-vN7l8","type":"registration","payload":{"username":"Juliana.Nolan","uid":"rR1rLKuH7-nvaxJEixkHJ","chatroom":"general"},"timestamp":1618545678}
{"type":"message","payload":"This is pretty s","username":"I.m.user","chatroom":"general","uid":"I.m.user","id":"kAlopU7B9Uwx3VhTnPxG4","timestamp":1618545678}
